INFO - 2023-09-01 03:00:06 --> Session: Class initialized using 'CodeIgniter\Session\Handlers\FileHandler' driver.
INFO - 2023-09-01 03:00:08 --> Session: Class initialized using 'CodeIgniter\Session\Handlers\FileHandler' driver.
INFO - 2023-09-01 03:01:21 --> Session: Class initialized using 'CodeIgniter\Session\Handlers\FileHandler' driver.
INFO - 2023-09-01 03:01:21 --> Session: Class initialized using 'CodeIgniter\Session\Handlers\FileHandler' driver.
INFO - 2023-09-01 03:01:26 --> Session: Class initialized using 'CodeIgniter\Session\Handlers\FileHandler' driver.
INFO - 2023-09-01 03:01:29 --> Session: Class initialized using 'CodeIgniter\Session\Handlers\FileHandler' driver.
INFO - 2023-09-01 03:01:31 --> Session: Class initialized using 'CodeIgniter\Session\Handlers\FileHandler' driver.
INFO - 2023-09-01 03:01:46 --> Session: Class initialized using 'CodeIgniter\Session\Handlers\FileHandler' driver.
INFO - 2023-09-01 03:01:59 --> Session: Class initialized using 'CodeIgniter\Session\Handlers\FileHandler' driver.
INFO - 2023-09-01 03:01:59 --> Session: Class initialized using 'CodeIgniter\Session\Handlers\FileHandler' driver.
INFO - 2023-09-01 03:03:11 --> Session: Class initialized using 'CodeIgniter\Session\Handlers\FileHandler' driver.
INFO - 2023-09-01 03:03:12 --> Session: Class initialized using 'CodeIgniter\Session\Handlers\FileHandler' driver.
INFO - 2023-09-01 03:03:14 --> Session: Class initialized using 'CodeIgniter\Session\Handlers\FileHandler' driver.
INFO - 2023-09-01 03:03:16 --> Session: Class initialized using 'CodeIgniter\Session\Handlers\FileHandler' driver.
INFO - 2023-09-01 03:04:41 --> Session: Class initialized using 'CodeIgniter\Session\Handlers\FileHandler' driver.
INFO - 2023-09-01 04:45:51 --> Session: Class initialized using 'CodeIgniter\Session\Handlers\FileHandler' driver.
INFO - 2023-09-01 04:45:51 --> Session: Class initialized using 'CodeIgniter\Session\Handlers\FileHandler' driver.
INFO - 2023-09-01 04:49:21 --> Session: Class initialized using 'CodeIgniter\Session\Handlers\FileHandler' driver.
INFO - 2023-09-01 04:52:44 --> Session: Class initialized using 'CodeIgniter\Session\Handlers\FileHandler' driver.
INFO - 2023-09-01 04:52:44 --> Session: Class initialized using 'CodeIgniter\Session\Handlers\FileHandler' driver.
INFO - 2023-09-01 04:53:23 --> Session: Class initialized using 'CodeIgniter\Session\Handlers\FileHandler' driver.
INFO - 2023-09-01 04:53:32 --> Session: Class initialized using 'CodeIgniter\Session\Handlers\FileHandler' driver.
INFO - 2023-09-01 04:54:04 --> Session: Class initialized using 'CodeIgniter\Session\Handlers\FileHandler' driver.
INFO - 2023-09-01 04:54:19 --> Session: Class initialized using 'CodeIgniter\Session\Handlers\FileHandler' driver.
INFO - 2023-09-01 04:54:53 --> Session: Class initialized using 'CodeIgniter\Session\Handlers\FileHandler' driver.
INFO - 2023-09-01 04:55:08 --> Session: Class initialized using 'CodeIgniter\Session\Handlers\FileHandler' driver.
INFO - 2023-09-01 04:55:13 --> Session: Class initialized using 'CodeIgniter\Session\Handlers\FileHandler' driver.
INFO - 2023-09-01 05:00:10 --> Session: Class initialized using 'CodeIgniter\Session\Handlers\FileHandler' driver.
INFO - 2023-09-01 05:00:19 --> Session: Class initialized using 'CodeIgniter\Session\Handlers\FileHandler' driver.
INFO - 2023-09-01 05:01:17 --> Session: Class initialized using 'CodeIgniter\Session\Handlers\FileHandler' driver.
INFO - 2023-09-01 05:02:22 --> Session: Class initialized using 'CodeIgniter\Session\Handlers\FileHandler' driver.
INFO - 2023-09-01 05:03:10 --> Session: Class initialized using 'CodeIgniter\Session\Handlers\FileHandler' driver.
INFO - 2023-09-01 05:03:18 --> Session: Class initialized using 'CodeIgniter\Session\Handlers\FileHandler' driver.
INFO - 2023-09-01 05:04:01 --> Session: Class initialized using 'CodeIgniter\Session\Handlers\FileHandler' driver.
INFO - 2023-09-01 05:04:10 --> Session: Class initialized using 'CodeIgniter\Session\Handlers\FileHandler' driver.
INFO - 2023-09-01 05:05:18 --> Session: Class initialized using 'CodeIgniter\Session\Handlers\FileHandler' driver.
INFO - 2023-09-01 05:05:53 --> Session: Class initialized using 'CodeIgniter\Session\Handlers\FileHandler' driver.
INFO - 2023-09-01 11:56:22 --> Session: Class initialized using 'CodeIgniter\Session\Handlers\FileHandler' driver.
INFO - 2023-09-01 11:56:22 --> Session: Class initialized using 'CodeIgniter\Session\Handlers\FileHandler' driver.
INFO - 2023-09-01 11:56:44 --> Session: Class initialized using 'CodeIgniter\Session\Handlers\FileHandler' driver.
INFO - 2023-09-01 11:56:44 --> Session: Class initialized using 'CodeIgniter\Session\Handlers\FileHandler' driver.
INFO - 2023-09-01 11:56:45 --> Session: Class initialized using 'CodeIgniter\Session\Handlers\FileHandler' driver.
INFO - 2023-09-01 11:56:48 --> Session: Class initialized using 'CodeIgniter\Session\Handlers\FileHandler' driver.
INFO - 2023-09-01 12:00:15 --> Session: Class initialized using 'CodeIgniter\Session\Handlers\FileHandler' driver.
INFO - 2023-09-01 12:00:17 --> Session: Class initialized using 'CodeIgniter\Session\Handlers\FileHandler' driver.
INFO - 2023-09-01 12:00:20 --> Session: Class initialized using 'CodeIgniter\Session\Handlers\FileHandler' driver.
INFO - 2023-09-01 12:00:50 --> Session: Class initialized using 'CodeIgniter\Session\Handlers\FileHandler' driver.
INFO - 2023-09-01 12:00:50 --> Session: Class initialized using 'CodeIgniter\Session\Handlers\FileHandler' driver.
INFO - 2023-09-01 12:01:03 --> Session: Class initialized using 'CodeIgniter\Session\Handlers\FileHandler' driver.
INFO - 2023-09-01 12:01:03 --> Session: Class initialized using 'CodeIgniter\Session\Handlers\FileHandler' driver.
INFO - 2023-09-01 12:01:10 --> Session: Class initialized using 'CodeIgniter\Session\Handlers\FileHandler' driver.
CRITICAL - 2023-09-01 12:01:10 --> Undefined property: App\Controllers\AktaKlien::$session
in APPPATH\Controllers\AktaKlien.php on line 50.
 1 APPPATH\Controllers\AktaKlien.php(50): CodeIgniter\Debug\Exceptions->errorHandler(2, 'Undefined property: App\\Controllers\\AktaKlien::$session', 'C:\\xampp\\htdocs\\notaris\\app\\Controllers\\AktaKlien.php', 50)
 2 SYSTEMPATH\CodeIgniter.php(932): App\Controllers\AktaKlien->save_akta()
 3 SYSTEMPATH\CodeIgniter.php(497): CodeIgniter\CodeIgniter->runController(Object(App\Controllers\AktaKlien))
 4 SYSTEMPATH\CodeIgniter.php(366): CodeIgniter\CodeIgniter->handleRequest(null, Object(Config\Cache), false)
 5 FCPATH\index.php(67): CodeIgniter\CodeIgniter->run()
INFO - 2023-09-01 12:03:12 --> Session: Class initialized using 'CodeIgniter\Session\Handlers\FileHandler' driver.
CRITICAL - 2023-09-01 12:03:12 --> Undefined property: App\Controllers\AktaKlien::$validation
in APPPATH\Controllers\AktaKlien.php on line 56.
 1 APPPATH\Controllers\AktaKlien.php(56): CodeIgniter\Debug\Exceptions->errorHandler(2, 'Undefined property: App\\Controllers\\AktaKlien::$validation', 'C:\\xampp\\htdocs\\notaris\\app\\Controllers\\AktaKlien.php', 56)
 2 SYSTEMPATH\CodeIgniter.php(932): App\Controllers\AktaKlien->save_akta()
 3 SYSTEMPATH\CodeIgniter.php(497): CodeIgniter\CodeIgniter->runController(Object(App\Controllers\AktaKlien))
 4 SYSTEMPATH\CodeIgniter.php(366): CodeIgniter\CodeIgniter->handleRequest(null, Object(Config\Cache), false)
 5 FCPATH\index.php(67): CodeIgniter\CodeIgniter->run()
INFO - 2023-09-01 12:03:17 --> Session: Class initialized using 'CodeIgniter\Session\Handlers\FileHandler' driver.
CRITICAL - 2023-09-01 12:03:17 --> Undefined property: App\Controllers\AktaKlien::$validation
in APPPATH\Controllers\AktaKlien.php on line 56.
 1 APPPATH\Controllers\AktaKlien.php(56): CodeIgniter\Debug\Exceptions->errorHandler(2, 'Undefined property: App\\Controllers\\AktaKlien::$validation', 'C:\\xampp\\htdocs\\notaris\\app\\Controllers\\AktaKlien.php', 56)
 2 SYSTEMPATH\CodeIgniter.php(932): App\Controllers\AktaKlien->save_akta()
 3 SYSTEMPATH\CodeIgniter.php(497): CodeIgniter\CodeIgniter->runController(Object(App\Controllers\AktaKlien))
 4 SYSTEMPATH\CodeIgniter.php(366): CodeIgniter\CodeIgniter->handleRequest(null, Object(Config\Cache), false)
 5 FCPATH\index.php(67): CodeIgniter\CodeIgniter->run()
INFO - 2023-09-01 12:03:19 --> Session: Class initialized using 'CodeIgniter\Session\Handlers\FileHandler' driver.
INFO - 2023-09-01 12:03:22 --> Session: Class initialized using 'CodeIgniter\Session\Handlers\FileHandler' driver.
INFO - 2023-09-01 12:03:23 --> Session: Class initialized using 'CodeIgniter\Session\Handlers\FileHandler' driver.
INFO - 2023-09-01 12:04:00 --> Session: Class initialized using 'CodeIgniter\Session\Handlers\FileHandler' driver.
INFO - 2023-09-01 12:04:01 --> Session: Class initialized using 'CodeIgniter\Session\Handlers\FileHandler' driver.
INFO - 2023-09-01 12:04:10 --> Session: Class initialized using 'CodeIgniter\Session\Handlers\FileHandler' driver.
INFO - 2023-09-01 12:04:24 --> Session: Class initialized using 'CodeIgniter\Session\Handlers\FileHandler' driver.
INFO - 2023-09-01 12:04:24 --> Session: Class initialized using 'CodeIgniter\Session\Handlers\FileHandler' driver.
INFO - 2023-09-01 12:04:34 --> Session: Class initialized using 'CodeIgniter\Session\Handlers\FileHandler' driver.
CRITICAL - 2023-09-01 12:04:34 --> Undefined property: App\Controllers\AktaKlien::$validation
in APPPATH\Controllers\AktaKlien.php on line 56.
 1 APPPATH\Controllers\AktaKlien.php(56): CodeIgniter\Debug\Exceptions->errorHandler(2, 'Undefined property: App\\Controllers\\AktaKlien::$validation', 'C:\\xampp\\htdocs\\notaris\\app\\Controllers\\AktaKlien.php', 56)
 2 SYSTEMPATH\CodeIgniter.php(932): App\Controllers\AktaKlien->save_akta()
 3 SYSTEMPATH\CodeIgniter.php(497): CodeIgniter\CodeIgniter->runController(Object(App\Controllers\AktaKlien))
 4 SYSTEMPATH\CodeIgniter.php(366): CodeIgniter\CodeIgniter->handleRequest(null, Object(Config\Cache), false)
 5 FCPATH\index.php(67): CodeIgniter\CodeIgniter->run()
INFO - 2023-09-01 12:06:36 --> Session: Class initialized using 'CodeIgniter\Session\Handlers\FileHandler' driver.
CRITICAL - 2023-09-01 12:06:36 --> CodeIgniter\Validation\Validation::run(): Argument #2 ($group) must be of type ?string, array given, called in C:\xampp\htdocs\notaris\app\Controllers\AktaKlien.php on line 57
in SYSTEMPATH\Validation\Validation.php on line 123.
 1 APPPATH\Controllers\AktaKlien.php(57): CodeIgniter\Validation\Validation->run([...], [...])
 2 SYSTEMPATH\CodeIgniter.php(932): App\Controllers\AktaKlien->save_akta()
 3 SYSTEMPATH\CodeIgniter.php(497): CodeIgniter\CodeIgniter->runController(Object(App\Controllers\AktaKlien))
 4 SYSTEMPATH\CodeIgniter.php(366): CodeIgniter\CodeIgniter->handleRequest(null, Object(Config\Cache), false)
 5 FCPATH\index.php(67): CodeIgniter\CodeIgniter->run()
INFO - 2023-09-01 12:07:36 --> Session: Class initialized using 'CodeIgniter\Session\Handlers\FileHandler' driver.
CRITICAL - 2023-09-01 12:07:36 --> "default" is not a validation rules group.
in SYSTEMPATH\Validation\Validation.php on line 679.
 1 SYSTEMPATH\Validation\Validation.php(679): CodeIgniter\Validation\Exceptions\ValidationException::forGroupNotFound('default')
 2 SYSTEMPATH\Validation\Validation.php(131): CodeIgniter\Validation\Validation->loadRuleGroup('default')
 3 APPPATH\Controllers\AktaKlien.php(57): CodeIgniter\Validation\Validation->run([...], 'default')
 4 SYSTEMPATH\CodeIgniter.php(932): App\Controllers\AktaKlien->save_akta()
 5 SYSTEMPATH\CodeIgniter.php(497): CodeIgniter\CodeIgniter->runController(Object(App\Controllers\AktaKlien))
 6 SYSTEMPATH\CodeIgniter.php(366): CodeIgniter\CodeIgniter->handleRequest(null, Object(Config\Cache), false)
 7 FCPATH\index.php(67): CodeIgniter\CodeIgniter->run()
INFO - 2023-09-01 12:10:33 --> Session: Class initialized using 'CodeIgniter\Session\Handlers\FileHandler' driver.
CRITICAL - 2023-09-01 12:10:33 --> CodeIgniter\Validation\Validation::setRule(): Argument #2 ($label) must be of type ?string, array given, called in C:\xampp\htdocs\notaris\app\Controllers\AktaKlien.php on line 57
in SYSTEMPATH\Validation\Validation.php on line 481.
 1 APPPATH\Controllers\AktaKlien.php(57): CodeIgniter\Validation\Validation->setRule('default', [...])
 2 SYSTEMPATH\CodeIgniter.php(932): App\Controllers\AktaKlien->save_akta()
 3 SYSTEMPATH\CodeIgniter.php(497): CodeIgniter\CodeIgniter->runController(Object(App\Controllers\AktaKlien))
 4 SYSTEMPATH\CodeIgniter.php(366): CodeIgniter\CodeIgniter->handleRequest(null, Object(Config\Cache), false)
 5 FCPATH\index.php(67): CodeIgniter\CodeIgniter->run()
INFO - 2023-09-01 12:11:22 --> Session: Class initialized using 'CodeIgniter\Session\Handlers\FileHandler' driver.
CRITICAL - 2023-09-01 12:11:22 --> CodeIgniter\Validation\Validation::setRule(): Argument #2 ($label) must be of type ?string, array given, called in C:\xampp\htdocs\notaris\app\Controllers\AktaKlien.php on line 57
in SYSTEMPATH\Validation\Validation.php on line 481.
 1 APPPATH\Controllers\AktaKlien.php(57): CodeIgniter\Validation\Validation->setRule('default', [...])
 2 SYSTEMPATH\CodeIgniter.php(932): App\Controllers\AktaKlien->save_akta()
 3 SYSTEMPATH\CodeIgniter.php(497): CodeIgniter\CodeIgniter->runController(Object(App\Controllers\AktaKlien))
 4 SYSTEMPATH\CodeIgniter.php(366): CodeIgniter\CodeIgniter->handleRequest(null, Object(Config\Cache), false)
 5 FCPATH\index.php(67): CodeIgniter\CodeIgniter->run()
INFO - 2023-09-01 12:13:02 --> Session: Class initialized using 'CodeIgniter\Session\Handlers\FileHandler' driver.
CRITICAL - 2023-09-01 12:13:02 --> Undefined property: App\Controllers\AktaKlien::$validation
in APPPATH\Controllers\AktaKlien.php on line 47.
 1 APPPATH\Controllers\AktaKlien.php(47): CodeIgniter\Debug\Exceptions->errorHandler(2, 'Undefined property: App\\Controllers\\AktaKlien::$validation', 'C:\\xampp\\htdocs\\notaris\\app\\Controllers\\AktaKlien.php', 47)
 2 SYSTEMPATH\CodeIgniter.php(932): App\Controllers\AktaKlien->save_akta()
 3 SYSTEMPATH\CodeIgniter.php(497): CodeIgniter\CodeIgniter->runController(Object(App\Controllers\AktaKlien))
 4 SYSTEMPATH\CodeIgniter.php(366): CodeIgniter\CodeIgniter->handleRequest(null, Object(Config\Cache), false)
 5 FCPATH\index.php(67): CodeIgniter\CodeIgniter->run()
INFO - 2023-09-01 12:14:13 --> Session: Class initialized using 'CodeIgniter\Session\Handlers\FileHandler' driver.
CRITICAL - 2023-09-01 12:14:13 --> Cannot declare class App\Controllers\AktaKlien, because the name is already in use
in APPPATH\Controllers\AktaKlien.php on line 76.
 1 [internal function]: CodeIgniter\Debug\Exceptions->shutdownHandler()
INFO - 2023-09-01 12:15:15 --> Session: Class initialized using 'CodeIgniter\Session\Handlers\FileHandler' driver.
INFO - 2023-09-01 12:15:26 --> Session: Class initialized using 'CodeIgniter\Session\Handlers\FileHandler' driver.
CRITICAL - 2023-09-01 12:15:26 --> CodeIgniter\Validation\Validation::run(): Argument #2 ($group) must be of type ?string, array given, called in C:\xampp\htdocs\notaris\app\Controllers\AktaKlien.php on line 57
in SYSTEMPATH\Validation\Validation.php on line 123.
 1 APPPATH\Controllers\AktaKlien.php(57): CodeIgniter\Validation\Validation->run([...], [...])
 2 SYSTEMPATH\CodeIgniter.php(932): App\Controllers\AktaKlien->save_akta()
 3 SYSTEMPATH\CodeIgniter.php(497): CodeIgniter\CodeIgniter->runController(Object(App\Controllers\AktaKlien))
 4 SYSTEMPATH\CodeIgniter.php(366): CodeIgniter\CodeIgniter->handleRequest(null, Object(Config\Cache), false)
 5 FCPATH\index.php(67): CodeIgniter\CodeIgniter->run()
INFO - 2023-09-01 12:15:50 --> Session: Class initialized using 'CodeIgniter\Session\Handlers\FileHandler' driver.
CRITICAL - 2023-09-01 12:15:50 --> Undefined property: App\Controllers\AktaKlien::$validation
in APPPATH\Controllers\AktaKlien.php on line 56.
 1 APPPATH\Controllers\AktaKlien.php(56): CodeIgniter\Debug\Exceptions->errorHandler(2, 'Undefined property: App\\Controllers\\AktaKlien::$validation', 'C:\\xampp\\htdocs\\notaris\\app\\Controllers\\AktaKlien.php', 56)
 2 SYSTEMPATH\CodeIgniter.php(932): App\Controllers\AktaKlien->save_akta()
 3 SYSTEMPATH\CodeIgniter.php(497): CodeIgniter\CodeIgniter->runController(Object(App\Controllers\AktaKlien))
 4 SYSTEMPATH\CodeIgniter.php(366): CodeIgniter\CodeIgniter->handleRequest(null, Object(Config\Cache), false)
 5 FCPATH\index.php(67): CodeIgniter\CodeIgniter->run()
INFO - 2023-09-01 12:26:07 --> Session: Class initialized using 'CodeIgniter\Session\Handlers\FileHandler' driver.
CRITICAL - 2023-09-01 12:26:08 --> Class "CodeIgniter\Validations\Rules" not found
in SYSTEMPATH\Validation\Validation.php on line 656.
 1 SYSTEMPATH\Validation\Validation.php(130): CodeIgniter\Validation\Validation->loadRuleSets()
 2 SYSTEMPATH\Controller.php(140): CodeIgniter\Validation\Validation->run()
 3 APPPATH\Controllers\AktaKlien.php(61): CodeIgniter\Controller->validate([...], [...])
 4 SYSTEMPATH\CodeIgniter.php(932): App\Controllers\AktaKlien->save_akta()
 5 SYSTEMPATH\CodeIgniter.php(497): CodeIgniter\CodeIgniter->runController(Object(App\Controllers\AktaKlien))
 6 SYSTEMPATH\CodeIgniter.php(366): CodeIgniter\CodeIgniter->handleRequest(null, Object(Config\Cache), false)
 7 FCPATH\index.php(67): CodeIgniter\CodeIgniter->run()
INFO - 2023-09-01 12:29:17 --> Session: Class initialized using 'CodeIgniter\Session\Handlers\FileHandler' driver.
CRITICAL - 2023-09-01 12:29:17 --> Class "CodeIgniter\Validation\CustomRules" not found
in SYSTEMPATH\Validation\Validation.php on line 656.
 1 SYSTEMPATH\Validation\Validation.php(130): CodeIgniter\Validation\Validation->loadRuleSets()
 2 SYSTEMPATH\Controller.php(140): CodeIgniter\Validation\Validation->run()
 3 APPPATH\Controllers\AktaKlien.php(61): CodeIgniter\Controller->validate([...], [...])
 4 SYSTEMPATH\CodeIgniter.php(932): App\Controllers\AktaKlien->save_akta()
 5 SYSTEMPATH\CodeIgniter.php(497): CodeIgniter\CodeIgniter->runController(Object(App\Controllers\AktaKlien))
 6 SYSTEMPATH\CodeIgniter.php(366): CodeIgniter\CodeIgniter->handleRequest(null, Object(Config\Cache), false)
 7 FCPATH\index.php(67): CodeIgniter\CodeIgniter->run()
INFO - 2023-09-01 12:29:31 --> Session: Class initialized using 'CodeIgniter\Session\Handlers\FileHandler' driver.
INFO - 2023-09-01 12:29:33 --> Session: Class initialized using 'CodeIgniter\Session\Handlers\FileHandler' driver.
INFO - 2023-09-01 12:29:41 --> Session: Class initialized using 'CodeIgniter\Session\Handlers\FileHandler' driver.
INFO - 2023-09-01 12:29:43 --> Session: Class initialized using 'CodeIgniter\Session\Handlers\FileHandler' driver.
INFO - 2023-09-01 12:30:00 --> Session: Class initialized using 'CodeIgniter\Session\Handlers\FileHandler' driver.
INFO - 2023-09-01 12:30:00 --> Session: Class initialized using 'CodeIgniter\Session\Handlers\FileHandler' driver.
INFO - 2023-09-01 12:30:11 --> Session: Class initialized using 'CodeIgniter\Session\Handlers\FileHandler' driver.
INFO - 2023-09-01 12:30:12 --> Session: Class initialized using 'CodeIgniter\Session\Handlers\FileHandler' driver.
INFO - 2023-09-01 12:30:22 --> Session: Class initialized using 'CodeIgniter\Session\Handlers\FileHandler' driver.
INFO - 2023-09-01 12:30:23 --> Session: Class initialized using 'CodeIgniter\Session\Handlers\FileHandler' driver.
INFO - 2023-09-01 12:30:24 --> Session: Class initialized using 'CodeIgniter\Session\Handlers\FileHandler' driver.
INFO - 2023-09-01 12:30:24 --> Session: Class initialized using 'CodeIgniter\Session\Handlers\FileHandler' driver.
INFO - 2023-09-01 12:30:51 --> Session: Class initialized using 'CodeIgniter\Session\Handlers\FileHandler' driver.
INFO - 2023-09-01 12:30:53 --> Session: Class initialized using 'CodeIgniter\Session\Handlers\FileHandler' driver.
INFO - 2023-09-01 12:33:21 --> Session: Class initialized using 'CodeIgniter\Session\Handlers\FileHandler' driver.
INFO - 2023-09-01 12:33:46 --> Session: Class initialized using 'CodeIgniter\Session\Handlers\FileHandler' driver.
INFO - 2023-09-01 12:33:48 --> Session: Class initialized using 'CodeIgniter\Session\Handlers\FileHandler' driver.
INFO - 2023-09-01 12:33:55 --> Session: Class initialized using 'CodeIgniter\Session\Handlers\FileHandler' driver.
INFO - 2023-09-01 12:33:55 --> Session: Class initialized using 'CodeIgniter\Session\Handlers\FileHandler' driver.
INFO - 2023-09-01 12:33:58 --> Session: Class initialized using 'CodeIgniter\Session\Handlers\FileHandler' driver.
INFO - 2023-09-01 12:35:30 --> Session: Class initialized using 'CodeIgniter\Session\Handlers\FileHandler' driver.
INFO - 2023-09-01 12:35:44 --> Session: Class initialized using 'CodeIgniter\Session\Handlers\FileHandler' driver.
INFO - 2023-09-01 12:35:49 --> Session: Class initialized using 'CodeIgniter\Session\Handlers\FileHandler' driver.
INFO - 2023-09-01 12:35:58 --> Session: Class initialized using 'CodeIgniter\Session\Handlers\FileHandler' driver.
INFO - 2023-09-01 12:36:42 --> Session: Class initialized using 'CodeIgniter\Session\Handlers\FileHandler' driver.
INFO - 2023-09-01 12:37:03 --> Session: Class initialized using 'CodeIgniter\Session\Handlers\FileHandler' driver.
INFO - 2023-09-01 12:40:18 --> Session: Class initialized using 'CodeIgniter\Session\Handlers\FileHandler' driver.
INFO - 2023-09-01 12:41:18 --> Session: Class initialized using 'CodeIgniter\Session\Handlers\FileHandler' driver.
INFO - 2023-09-01 12:41:25 --> Session: Class initialized using 'CodeIgniter\Session\Handlers\FileHandler' driver.
INFO - 2023-09-01 12:41:35 --> Session: Class initialized using 'CodeIgniter\Session\Handlers\FileHandler' driver.
INFO - 2023-09-01 12:42:12 --> Session: Class initialized using 'CodeIgniter\Session\Handlers\FileHandler' driver.
INFO - 2023-09-01 12:43:35 --> Session: Class initialized using 'CodeIgniter\Session\Handlers\FileHandler' driver.
INFO - 2023-09-01 12:47:27 --> Session: Class initialized using 'CodeIgniter\Session\Handlers\FileHandler' driver.
CRITICAL - 2023-09-01 12:47:27 --> Undefined array key "nama_klien"
in APPPATH\Views\klien\permo_klien.php on line 63.
 1 APPPATH\Views\klien\permo_klien.php(63): CodeIgniter\Debug\Exceptions->errorHandler(2, 'Undefined array key "nama_klien"', 'C:\\xampp\\htdocs\\notaris\\app\\Views\\klien\\permo_klien.php', 63)
 2 SYSTEMPATH\View\View.php(224): include('C:\\xampp\\htdocs\\notaris\\app\\Views\\klien\\permo_klien.php')
 3 SYSTEMPATH\View\View.php(227): CodeIgniter\View\View->CodeIgniter\View\{closure}()
 4 SYSTEMPATH\Common.php(1180): CodeIgniter\View\View->render('klien/permo_klien', [], true)
 5 APPPATH\Controllers\PermoKlien.php(63): view('klien/permo_klien', [...])
 6 SYSTEMPATH\CodeIgniter.php(932): App\Controllers\PermoKlien->save_permo()
 7 SYSTEMPATH\CodeIgniter.php(497): CodeIgniter\CodeIgniter->runController(Object(App\Controllers\PermoKlien))
 8 SYSTEMPATH\CodeIgniter.php(366): CodeIgniter\CodeIgniter->handleRequest(null, Object(Config\Cache), false)
 9 FCPATH\index.php(67): CodeIgniter\CodeIgniter->run()
INFO - 2023-09-01 12:47:52 --> Session: Class initialized using 'CodeIgniter\Session\Handlers\FileHandler' driver.
CRITICAL - 2023-09-01 12:47:52 --> Undefined array key "nama_klien"
in APPPATH\Views\klien\permo_klien.php on line 63.
 1 APPPATH\Views\klien\permo_klien.php(63): CodeIgniter\Debug\Exceptions->errorHandler(2, 'Undefined array key "nama_klien"', 'C:\\xampp\\htdocs\\notaris\\app\\Views\\klien\\permo_klien.php', 63)
 2 SYSTEMPATH\View\View.php(224): include('C:\\xampp\\htdocs\\notaris\\app\\Views\\klien\\permo_klien.php')
 3 SYSTEMPATH\View\View.php(227): CodeIgniter\View\View->CodeIgniter\View\{closure}()
 4 SYSTEMPATH\Common.php(1180): CodeIgniter\View\View->render('klien/permo_klien', [], true)
 5 APPPATH\Controllers\PermoKlien.php(63): view('klien/permo_klien', [...])
 6 SYSTEMPATH\CodeIgniter.php(932): App\Controllers\PermoKlien->save_permo()
 7 SYSTEMPATH\CodeIgniter.php(497): CodeIgniter\CodeIgniter->runController(Object(App\Controllers\PermoKlien))
 8 SYSTEMPATH\CodeIgniter.php(366): CodeIgniter\CodeIgniter->handleRequest(null, Object(Config\Cache), false)
 9 FCPATH\index.php(67): CodeIgniter\CodeIgniter->run()
INFO - 2023-09-01 12:48:08 --> Session: Class initialized using 'CodeIgniter\Session\Handlers\FileHandler' driver.
CRITICAL - 2023-09-01 12:48:08 --> Undefined array key "nama_klien"
in APPPATH\Views\klien\permo_klien.php on line 63.
 1 APPPATH\Views\klien\permo_klien.php(63): CodeIgniter\Debug\Exceptions->errorHandler(2, 'Undefined array key "nama_klien"', 'C:\\xampp\\htdocs\\notaris\\app\\Views\\klien\\permo_klien.php', 63)
 2 SYSTEMPATH\View\View.php(224): include('C:\\xampp\\htdocs\\notaris\\app\\Views\\klien\\permo_klien.php')
 3 SYSTEMPATH\View\View.php(227): CodeIgniter\View\View->CodeIgniter\View\{closure}()
 4 SYSTEMPATH\Common.php(1180): CodeIgniter\View\View->render('klien/permo_klien', [], true)
 5 APPPATH\Controllers\PermoKlien.php(63): view('klien/permo_klien', [...])
 6 SYSTEMPATH\CodeIgniter.php(932): App\Controllers\PermoKlien->save_permo()
 7 SYSTEMPATH\CodeIgniter.php(497): CodeIgniter\CodeIgniter->runController(Object(App\Controllers\PermoKlien))
 8 SYSTEMPATH\CodeIgniter.php(366): CodeIgniter\CodeIgniter->handleRequest(null, Object(Config\Cache), false)
 9 FCPATH\index.php(67): CodeIgniter\CodeIgniter->run()
INFO - 2023-09-01 12:48:29 --> Session: Class initialized using 'CodeIgniter\Session\Handlers\FileHandler' driver.
CRITICAL - 2023-09-01 12:48:29 --> Undefined array key "nama_klien"
in APPPATH\Views\klien\permo_klien.php on line 63.
 1 APPPATH\Views\klien\permo_klien.php(63): CodeIgniter\Debug\Exceptions->errorHandler(2, 'Undefined array key "nama_klien"', 'C:\\xampp\\htdocs\\notaris\\app\\Views\\klien\\permo_klien.php', 63)
 2 SYSTEMPATH\View\View.php(224): include('C:\\xampp\\htdocs\\notaris\\app\\Views\\klien\\permo_klien.php')
 3 SYSTEMPATH\View\View.php(227): CodeIgniter\View\View->CodeIgniter\View\{closure}()
 4 SYSTEMPATH\Common.php(1180): CodeIgniter\View\View->render('klien/permo_klien', [], true)
 5 APPPATH\Controllers\PermoKlien.php(63): view('klien/permo_klien', [...])
 6 SYSTEMPATH\CodeIgniter.php(932): App\Controllers\PermoKlien->save_permo()
 7 SYSTEMPATH\CodeIgniter.php(497): CodeIgniter\CodeIgniter->runController(Object(App\Controllers\PermoKlien))
 8 SYSTEMPATH\CodeIgniter.php(366): CodeIgniter\CodeIgniter->handleRequest(null, Object(Config\Cache), false)
 9 FCPATH\index.php(67): CodeIgniter\CodeIgniter->run()
INFO - 2023-09-01 12:48:42 --> Session: Class initialized using 'CodeIgniter\Session\Handlers\FileHandler' driver.
CRITICAL - 2023-09-01 12:48:42 --> Undefined array key "nama_klien"
in APPPATH\Views\klien\permo_klien.php on line 63.
 1 APPPATH\Views\klien\permo_klien.php(63): CodeIgniter\Debug\Exceptions->errorHandler(2, 'Undefined array key "nama_klien"', 'C:\\xampp\\htdocs\\notaris\\app\\Views\\klien\\permo_klien.php', 63)
 2 SYSTEMPATH\View\View.php(224): include('C:\\xampp\\htdocs\\notaris\\app\\Views\\klien\\permo_klien.php')
 3 SYSTEMPATH\View\View.php(227): CodeIgniter\View\View->CodeIgniter\View\{closure}()
 4 SYSTEMPATH\Common.php(1180): CodeIgniter\View\View->render('klien/permo_klien', [], true)
 5 APPPATH\Controllers\PermoKlien.php(63): view('klien/permo_klien', [...])
 6 SYSTEMPATH\CodeIgniter.php(932): App\Controllers\PermoKlien->save_permo()
 7 SYSTEMPATH\CodeIgniter.php(497): CodeIgniter\CodeIgniter->runController(Object(App\Controllers\PermoKlien))
 8 SYSTEMPATH\CodeIgniter.php(366): CodeIgniter\CodeIgniter->handleRequest(null, Object(Config\Cache), false)
 9 FCPATH\index.php(67): CodeIgniter\CodeIgniter->run()
INFO - 2023-09-01 12:48:57 --> Session: Class initialized using 'CodeIgniter\Session\Handlers\FileHandler' driver.
CRITICAL - 2023-09-01 12:48:57 --> Undefined array key "nama_klien"
in APPPATH\Views\klien\permo_klien.php on line 63.
 1 APPPATH\Views\klien\permo_klien.php(63): CodeIgniter\Debug\Exceptions->errorHandler(2, 'Undefined array key "nama_klien"', 'C:\\xampp\\htdocs\\notaris\\app\\Views\\klien\\permo_klien.php', 63)
 2 SYSTEMPATH\View\View.php(224): include('C:\\xampp\\htdocs\\notaris\\app\\Views\\klien\\permo_klien.php')
 3 SYSTEMPATH\View\View.php(227): CodeIgniter\View\View->CodeIgniter\View\{closure}()
 4 SYSTEMPATH\Common.php(1180): CodeIgniter\View\View->render('klien/permo_klien', [], true)
 5 APPPATH\Controllers\PermoKlien.php(63): view('klien/permo_klien', [...])
 6 SYSTEMPATH\CodeIgniter.php(932): App\Controllers\PermoKlien->save_permo()
 7 SYSTEMPATH\CodeIgniter.php(497): CodeIgniter\CodeIgniter->runController(Object(App\Controllers\PermoKlien))
 8 SYSTEMPATH\CodeIgniter.php(366): CodeIgniter\CodeIgniter->handleRequest(null, Object(Config\Cache), false)
 9 FCPATH\index.php(67): CodeIgniter\CodeIgniter->run()
INFO - 2023-09-01 12:49:08 --> Session: Class initialized using 'CodeIgniter\Session\Handlers\FileHandler' driver.
CRITICAL - 2023-09-01 12:49:08 --> Undefined array key "nama_klien"
in APPPATH\Views\klien\permo_klien.php on line 63.
 1 APPPATH\Views\klien\permo_klien.php(63): CodeIgniter\Debug\Exceptions->errorHandler(2, 'Undefined array key "nama_klien"', 'C:\\xampp\\htdocs\\notaris\\app\\Views\\klien\\permo_klien.php', 63)
 2 SYSTEMPATH\View\View.php(224): include('C:\\xampp\\htdocs\\notaris\\app\\Views\\klien\\permo_klien.php')
 3 SYSTEMPATH\View\View.php(227): CodeIgniter\View\View->CodeIgniter\View\{closure}()
 4 SYSTEMPATH\Common.php(1180): CodeIgniter\View\View->render('klien/permo_klien', [], true)
 5 APPPATH\Controllers\PermoKlien.php(63): view('klien/permo_klien', [...])
 6 SYSTEMPATH\CodeIgniter.php(932): App\Controllers\PermoKlien->save_permo()
 7 SYSTEMPATH\CodeIgniter.php(497): CodeIgniter\CodeIgniter->runController(Object(App\Controllers\PermoKlien))
 8 SYSTEMPATH\CodeIgniter.php(366): CodeIgniter\CodeIgniter->handleRequest(null, Object(Config\Cache), false)
 9 FCPATH\index.php(67): CodeIgniter\CodeIgniter->run()
INFO - 2023-09-01 12:49:58 --> Session: Class initialized using 'CodeIgniter\Session\Handlers\FileHandler' driver.
CRITICAL - 2023-09-01 12:49:58 --> Undefined array key "nama_klien"
in APPPATH\Views\klien\permo_klien.php on line 63.
 1 APPPATH\Views\klien\permo_klien.php(63): CodeIgniter\Debug\Exceptions->errorHandler(2, 'Undefined array key "nama_klien"', 'C:\\xampp\\htdocs\\notaris\\app\\Views\\klien\\permo_klien.php', 63)
 2 SYSTEMPATH\View\View.php(224): include('C:\\xampp\\htdocs\\notaris\\app\\Views\\klien\\permo_klien.php')
 3 SYSTEMPATH\View\View.php(227): CodeIgniter\View\View->CodeIgniter\View\{closure}()
 4 SYSTEMPATH\Common.php(1180): CodeIgniter\View\View->render('klien/permo_klien', [], true)
 5 APPPATH\Controllers\PermoKlien.php(63): view('klien/permo_klien', [...])
 6 SYSTEMPATH\CodeIgniter.php(932): App\Controllers\PermoKlien->save_permo()
 7 SYSTEMPATH\CodeIgniter.php(497): CodeIgniter\CodeIgniter->runController(Object(App\Controllers\PermoKlien))
 8 SYSTEMPATH\CodeIgniter.php(366): CodeIgniter\CodeIgniter->handleRequest(null, Object(Config\Cache), false)
 9 FCPATH\index.php(67): CodeIgniter\CodeIgniter->run()
INFO - 2023-09-01 12:50:23 --> Session: Class initialized using 'CodeIgniter\Session\Handlers\FileHandler' driver.
CRITICAL - 2023-09-01 12:50:23 --> Undefined array key "nama_klien"
in APPPATH\Views\klien\permo_klien.php on line 63.
 1 APPPATH\Views\klien\permo_klien.php(63): CodeIgniter\Debug\Exceptions->errorHandler(2, 'Undefined array key "nama_klien"', 'C:\\xampp\\htdocs\\notaris\\app\\Views\\klien\\permo_klien.php', 63)
 2 SYSTEMPATH\View\View.php(224): include('C:\\xampp\\htdocs\\notaris\\app\\Views\\klien\\permo_klien.php')
 3 SYSTEMPATH\View\View.php(227): CodeIgniter\View\View->CodeIgniter\View\{closure}()
 4 SYSTEMPATH\Common.php(1180): CodeIgniter\View\View->render('klien/permo_klien', [], true)
 5 APPPATH\Controllers\PermoKlien.php(63): view('klien/permo_klien', [...])
 6 SYSTEMPATH\CodeIgniter.php(932): App\Controllers\PermoKlien->save_permo()
 7 SYSTEMPATH\CodeIgniter.php(497): CodeIgniter\CodeIgniter->runController(Object(App\Controllers\PermoKlien))
 8 SYSTEMPATH\CodeIgniter.php(366): CodeIgniter\CodeIgniter->handleRequest(null, Object(Config\Cache), false)
 9 FCPATH\index.php(67): CodeIgniter\CodeIgniter->run()
INFO - 2023-09-01 12:50:38 --> Session: Class initialized using 'CodeIgniter\Session\Handlers\FileHandler' driver.
CRITICAL - 2023-09-01 12:50:38 --> Undefined array key "alamat"
in APPPATH\Views\klien\permo_klien.php on line 69.
 1 APPPATH\Views\klien\permo_klien.php(69): CodeIgniter\Debug\Exceptions->errorHandler(2, 'Undefined array key "alamat"', 'C:\\xampp\\htdocs\\notaris\\app\\Views\\klien\\permo_klien.php', 69)
 2 SYSTEMPATH\View\View.php(224): include('C:\\xampp\\htdocs\\notaris\\app\\Views\\klien\\permo_klien.php')
 3 SYSTEMPATH\View\View.php(227): CodeIgniter\View\View->CodeIgniter\View\{closure}()
 4 SYSTEMPATH\Common.php(1180): CodeIgniter\View\View->render('klien/permo_klien', [], true)
 5 APPPATH\Controllers\PermoKlien.php(63): view('klien/permo_klien', [...])
 6 SYSTEMPATH\CodeIgniter.php(932): App\Controllers\PermoKlien->save_permo()
 7 SYSTEMPATH\CodeIgniter.php(497): CodeIgniter\CodeIgniter->runController(Object(App\Controllers\PermoKlien))
 8 SYSTEMPATH\CodeIgniter.php(366): CodeIgniter\CodeIgniter->handleRequest(null, Object(Config\Cache), false)
 9 FCPATH\index.php(67): CodeIgniter\CodeIgniter->run()
INFO - 2023-09-01 12:50:50 --> Session: Class initialized using 'CodeIgniter\Session\Handlers\FileHandler' driver.
INFO - 2023-09-01 12:51:01 --> Session: Class initialized using 'CodeIgniter\Session\Handlers\FileHandler' driver.
INFO - 2023-09-01 12:51:08 --> Session: Class initialized using 'CodeIgniter\Session\Handlers\FileHandler' driver.
INFO - 2023-09-01 12:51:18 --> Session: Class initialized using 'CodeIgniter\Session\Handlers\FileHandler' driver.
INFO - 2023-09-01 12:52:43 --> Session: Class initialized using 'CodeIgniter\Session\Handlers\FileHandler' driver.
INFO - 2023-09-01 12:52:45 --> Session: Class initialized using 'CodeIgniter\Session\Handlers\FileHandler' driver.
INFO - 2023-09-01 12:52:57 --> Session: Class initialized using 'CodeIgniter\Session\Handlers\FileHandler' driver.
INFO - 2023-09-01 12:52:57 --> Session: Class initialized using 'CodeIgniter\Session\Handlers\FileHandler' driver.
INFO - 2023-09-01 12:53:05 --> Session: Class initialized using 'CodeIgniter\Session\Handlers\FileHandler' driver.
INFO - 2023-09-01 12:53:06 --> Session: Class initialized using 'CodeIgniter\Session\Handlers\FileHandler' driver.
CRITICAL - 2023-09-01 12:53:06 --> Undefined array key "nama_pemohon"
in APPPATH\Views\klien\permo_klien.php on line 63.
 1 APPPATH\Views\klien\permo_klien.php(63): CodeIgniter\Debug\Exceptions->errorHandler(2, 'Undefined array key "nama_pemohon"', 'C:\\xampp\\htdocs\\notaris\\app\\Views\\klien\\permo_klien.php', 63)
 2 SYSTEMPATH\View\View.php(224): include('C:\\xampp\\htdocs\\notaris\\app\\Views\\klien\\permo_klien.php')
 3 SYSTEMPATH\View\View.php(227): CodeIgniter\View\View->CodeIgniter\View\{closure}()
 4 SYSTEMPATH\Common.php(1180): CodeIgniter\View\View->render('klien/permo_klien', [], true)
 5 APPPATH\Controllers\PermoKlien.php(20): view('klien/permo_klien', [...])
 6 SYSTEMPATH\CodeIgniter.php(932): App\Controllers\PermoKlien->permo_klien_view()
 7 SYSTEMPATH\CodeIgniter.php(497): CodeIgniter\CodeIgniter->runController(Object(App\Controllers\PermoKlien))
 8 SYSTEMPATH\CodeIgniter.php(366): CodeIgniter\CodeIgniter->handleRequest(null, Object(Config\Cache), false)
 9 FCPATH\index.php(67): CodeIgniter\CodeIgniter->run()
INFO - 2023-09-01 12:53:27 --> Session: Class initialized using 'CodeIgniter\Session\Handlers\FileHandler' driver.
INFO - 2023-09-01 12:53:31 --> Session: Class initialized using 'CodeIgniter\Session\Handlers\FileHandler' driver.
INFO - 2023-09-01 12:53:32 --> Session: Class initialized using 'CodeIgniter\Session\Handlers\FileHandler' driver.
INFO - 2023-09-01 12:53:59 --> Session: Class initialized using 'CodeIgniter\Session\Handlers\FileHandler' driver.
INFO - 2023-09-01 12:54:00 --> Session: Class initialized using 'CodeIgniter\Session\Handlers\FileHandler' driver.
CRITICAL - 2023-09-01 12:54:00 --> Undefined array key "alamat_pemohon"
in APPPATH\Views\klien\permo_klien.php on line 69.
 1 APPPATH\Views\klien\permo_klien.php(69): CodeIgniter\Debug\Exceptions->errorHandler(2, 'Undefined array key "alamat_pemohon"', 'C:\\xampp\\htdocs\\notaris\\app\\Views\\klien\\permo_klien.php', 69)
 2 SYSTEMPATH\View\View.php(224): include('C:\\xampp\\htdocs\\notaris\\app\\Views\\klien\\permo_klien.php')
 3 SYSTEMPATH\View\View.php(227): CodeIgniter\View\View->CodeIgniter\View\{closure}()
 4 SYSTEMPATH\Common.php(1180): CodeIgniter\View\View->render('klien/permo_klien', [], true)
 5 APPPATH\Controllers\PermoKlien.php(20): view('klien/permo_klien', [...])
 6 SYSTEMPATH\CodeIgniter.php(932): App\Controllers\PermoKlien->permo_klien_view()
 7 SYSTEMPATH\CodeIgniter.php(497): CodeIgniter\CodeIgniter->runController(Object(App\Controllers\PermoKlien))
 8 SYSTEMPATH\CodeIgniter.php(366): CodeIgniter\CodeIgniter->handleRequest(null, Object(Config\Cache), false)
 9 FCPATH\index.php(67): CodeIgniter\CodeIgniter->run()
INFO - 2023-09-01 12:54:07 --> Session: Class initialized using 'CodeIgniter\Session\Handlers\FileHandler' driver.
INFO - 2023-09-01 12:54:10 --> Session: Class initialized using 'CodeIgniter\Session\Handlers\FileHandler' driver.
INFO - 2023-09-01 12:54:13 --> Session: Class initialized using 'CodeIgniter\Session\Handlers\FileHandler' driver.
INFO - 2023-09-01 12:54:38 --> Session: Class initialized using 'CodeIgniter\Session\Handlers\FileHandler' driver.
INFO - 2023-09-01 12:54:38 --> Session: Class initialized using 'CodeIgniter\Session\Handlers\FileHandler' driver.
INFO - 2023-09-01 12:54:42 --> Session: Class initialized using 'CodeIgniter\Session\Handlers\FileHandler' driver.
CRITICAL - 2023-09-01 12:54:42 --> Undefined array key "nama_klien"
in APPPATH\Views\klien\permo_klien.php on line 63.
 1 APPPATH\Views\klien\permo_klien.php(63): CodeIgniter\Debug\Exceptions->errorHandler(2, 'Undefined array key "nama_klien"', 'C:\\xampp\\htdocs\\notaris\\app\\Views\\klien\\permo_klien.php', 63)
 2 SYSTEMPATH\View\View.php(224): include('C:\\xampp\\htdocs\\notaris\\app\\Views\\klien\\permo_klien.php')
 3 SYSTEMPATH\View\View.php(227): CodeIgniter\View\View->CodeIgniter\View\{closure}()
 4 SYSTEMPATH\Common.php(1180): CodeIgniter\View\View->render('klien/permo_klien', [], true)
 5 APPPATH\Controllers\PermoKlien.php(63): view('klien/permo_klien', [...])
 6 SYSTEMPATH\CodeIgniter.php(932): App\Controllers\PermoKlien->save_permo()
 7 SYSTEMPATH\CodeIgniter.php(497): CodeIgniter\CodeIgniter->runController(Object(App\Controllers\PermoKlien))
 8 SYSTEMPATH\CodeIgniter.php(366): CodeIgniter\CodeIgniter->handleRequest(null, Object(Config\Cache), false)
 9 FCPATH\index.php(67): CodeIgniter\CodeIgniter->run()
INFO - 2023-09-01 12:55:14 --> Session: Class initialized using 'CodeIgniter\Session\Handlers\FileHandler' driver.
INFO - 2023-09-01 12:55:21 --> Session: Class initialized using 'CodeIgniter\Session\Handlers\FileHandler' driver.
INFO - 2023-09-01 13:02:42 --> Session: Class initialized using 'CodeIgniter\Session\Handlers\FileHandler' driver.
INFO - 2023-09-01 13:02:55 --> Session: Class initialized using 'CodeIgniter\Session\Handlers\FileHandler' driver.
INFO - 2023-09-01 13:04:42 --> Session: Class initialized using 'CodeIgniter\Session\Handlers\FileHandler' driver.
INFO - 2023-09-01 13:04:48 --> Session: Class initialized using 'CodeIgniter\Session\Handlers\FileHandler' driver.
INFO - 2023-09-01 13:04:54 --> Session: Class initialized using 'CodeIgniter\Session\Handlers\FileHandler' driver.
INFO - 2023-09-01 13:05:07 --> Session: Class initialized using 'CodeIgniter\Session\Handlers\FileHandler' driver.
INFO - 2023-09-01 13:05:07 --> Session: Class initialized using 'CodeIgniter\Session\Handlers\FileHandler' driver.
